<?xml version="1.0" encoding="UTF-8"?>
<!-- Generated by org.testng.reporters.JUnitXMLReporter -->
<testsuite ignored="0" hostname="DESKTOP-9K5991T" failures="0" tests="9" name="Maven Test Cases" time="100.478" errors="0" timestamp="2024-09-20T10:45:24 IST">
  <testcase classname="com.qa.tests.LoginPageTest" name="loginpageTitleTest" time="0.044"/>
  <testcase classname="com.qa.tests.LoginPageTest" name="loginTest" time="3.896"/>
  <testcase classname="com.qa.tests.HomePageTest" name="homePageTest" time="3.214"/>
  <testcase classname="com.qa.tests.HomePageTest" name="contactLinkTest" time="2.812"/>
  <testcase classname="com.qa.tests.ContactsPagTest" name="contactLabelTest" time="0.047"/>
  <testcase classname="com.qa.tests.ContactsPagTest" name="selectMultipleContactTest" time="1.463"/>
  <testcase classname="com.qa.tests.ContactsPagTest" name="validateCreateNewContact" time="1.594"/>
  <testcase classname="com.qa.tests.ContactsPagTest" name="validateCreateNewContact" time="1.588"/>
  <testcase classname="com.qa.tests.ContactsPagTest" name="validateCreateNewContact" time="1.588"/>
</testsuite> <!-- Maven Test Cases -->
