<?xml version="1.0" encoding="UTF-8"?>
<!-- Generated by org.testng.reporters.JUnitXMLReporter -->
<testsuite ignored="0" hostname="DESKTOP-9K5991T" failures="0" tests="5" name="Maven Test Cases Second" time="67.446" errors="0" timestamp="2024-09-20T11:13:04 IST">
  <testcase classname="com.qa.tests.ContactsPagTest" name="contactLabelTest" time="0.104"/>
  <testcase classname="com.qa.tests.ContactsPagTest" name="selectMultipleContactTest" time="1.746"/>
  <testcase classname="com.qa.tests.ContactsPagTest" name="validateCreateNewContact" time="1.989"/>
  <testcase classname="com.qa.tests.ContactsPagTest" name="validateCreateNewContact" time="2.032"/>
  <testcase classname="com.qa.tests.ContactsPagTest" name="validateCreateNewContact" time="2.077"/>
</testsuite> <!-- Maven Test Cases Second -->
