<?xml version="1.0" encoding="UTF-8"?>
<!-- Generated by org.testng.reporters.JUnitXMLReporter -->
<testsuite ignored="0" hostname="DESKTOP-9K5991T" failures="0" tests="4" name="Maven Test Cases First" time="39.807" errors="0" timestamp="2024-09-20T12:24:13 IST">
  <testcase classname="com.qa.tests.LoginPageTest" name="loginpageTitleTest" time="0.026"/>
  <testcase classname="com.qa.tests.LoginPageTest" name="loginTest" time="3.496"/>
  <testcase classname="com.qa.tests.HomePageTest" name="homePageTest" time="3.02"/>
  <testcase classname="com.qa.tests.HomePageTest" name="contactLinkTest" time="2.798"/>
</testsuite> <!-- Maven Test Cases First -->
